{"/home/samer/Desktop/bootcamp/getGitHub_v2/getGitHub/src/router.js":{"path":"/home/samer/Desktop/bootcamp/getGitHub_v2/getGitHub/src/router.js","s":{"1":1,"2":1,"3":5,"4":5,"5":1,"6":4,"7":1,"8":3,"9":1},"b":{"1":[1,4],"2":[1,3]},"f":{"1":5},"fnMap":{"1":{"name":"router","line":3,"loc":{"start":{"line":3,"column":0},"end":{"line":3,"column":25}}}},"statementMap":{"1":{"start":{"line":1,"column":0},"end":{"line":1,"column":42}},"2":{"start":{"line":3,"column":0},"end":{"line":15,"column":1}},"3":{"start":{"line":4,"column":2},"end":{"line":4,"column":20}},"4":{"start":{"line":6,"column":2},"end":{"line":14,"column":3}},"5":{"start":{"line":7,"column":4},"end":{"line":7,"column":36}},"6":{"start":{"line":9,"column":7},"end":{"line":14,"column":3}},"7":{"start":{"line":10,"column":4},"end":{"line":10,"column":38}},"8":{"start":{"line":13,"column":4},"end":{"line":13,"column":37}},"9":{"start":{"line":17,"column":0},"end":{"line":17,"column":24}}},"branchMap":{"1":{"line":6,"type":"if","locations":[{"start":{"line":6,"column":2},"end":{"line":6,"column":2}},{"start":{"line":6,"column":2},"end":{"line":6,"column":2}}]},"2":{"line":9,"type":"if","locations":[{"start":{"line":9,"column":7},"end":{"line":9,"column":7}},{"start":{"line":9,"column":7},"end":{"line":9,"column":7}}]}}},"/home/samer/Desktop/bootcamp/getGitHub_v2/getGitHub/src/handlers.js":{"path":"/home/samer/Desktop/bootcamp/getGitHub_v2/getGitHub/src/handlers.js","s":{"1":1,"2":1,"3":1,"4":1,"5":1,"6":1,"7":1,"8":1,"9":1,"10":1,"11":1,"12":0,"13":1,"14":1,"15":0,"16":1,"17":1,"18":1,"19":1,"20":1,"21":1,"22":3,"23":3,"24":1,"25":3,"26":3,"27":0,"28":0,"29":3,"30":3,"31":3,"32":3,"33":1},"b":{"1":[0,1],"2":[0,1],"3":[1,2],"4":[0,3]},"f":{"1":1,"2":1,"3":3},"fnMap":{"1":{"name":"handleSearch","line":11,"loc":{"start":{"line":11,"column":0},"end":{"line":11,"column":31}}},"2":{"name":"handleNotFound","line":37,"loc":{"start":{"line":37,"column":0},"end":{"line":37,"column":33}}},"3":{"name":"handleGeneric","line":42,"loc":{"start":{"line":42,"column":0},"end":{"line":42,"column":32}}}},"statementMap":{"1":{"start":{"line":1,"column":0},"end":{"line":1,"column":25}},"2":{"start":{"line":2,"column":0},"end":{"line":2,"column":40}},"3":{"start":{"line":4,"column":0},"end":{"line":9,"column":1}},"4":{"start":{"line":11,"column":0},"end":{"line":35,"column":1}},"5":{"start":{"line":12,"column":2},"end":{"line":12,"column":19}},"6":{"start":{"line":13,"column":2},"end":{"line":13,"column":15}},"7":{"start":{"line":14,"column":2},"end":{"line":16,"column":5}},"8":{"start":{"line":15,"column":4},"end":{"line":15,"column":21}},"9":{"start":{"line":17,"column":2},"end":{"line":34,"column":5}},"10":{"start":{"line":18,"column":6},"end":{"line":33,"column":7}},"11":{"start":{"line":19,"column":8},"end":{"line":32,"column":9}},"12":{"start":{"line":20,"column":10},"end":{"line":20,"column":36}},"13":{"start":{"line":23,"column":10},"end":{"line":31,"column":13}},"14":{"start":{"line":24,"column":12},"end":{"line":30,"column":13}},"15":{"start":{"line":25,"column":14},"end":{"line":25,"column":33}},"16":{"start":{"line":27,"column":14},"end":{"line":27,"column":32}},"17":{"start":{"line":29,"column":14},"end":{"line":29,"column":43}},"18":{"start":{"line":37,"column":0},"end":{"line":40,"column":1}},"19":{"start":{"line":38,"column":2},"end":{"line":38,"column":53}},"20":{"start":{"line":39,"column":2},"end":{"line":39,"column":41}},"21":{"start":{"line":42,"column":0},"end":{"line":59,"column":1}},"22":{"start":{"line":43,"column":2},"end":{"line":43,"column":20}},"23":{"start":{"line":44,"column":2},"end":{"line":46,"column":3}},"24":{"start":{"line":45,"column":4},"end":{"line":45,"column":24}},"25":{"start":{"line":47,"column":2},"end":{"line":58,"column":5}},"26":{"start":{"line":48,"column":4},"end":{"line":57,"column":5}},"27":{"start":{"line":49,"column":6},"end":{"line":49,"column":48}},"28":{"start":{"line":50,"column":6},"end":{"line":50,"column":16}},"29":{"start":{"line":53,"column":6},"end":{"line":53,"column":33}},"30":{"start":{"line":54,"column":6},"end":{"line":54,"column":50}},"31":{"start":{"line":55,"column":6},"end":{"line":55,"column":73}},"32":{"start":{"line":56,"column":6},"end":{"line":56,"column":20}},"33":{"start":{"line":61,"column":0},"end":{"line":65,"column":1}}},"branchMap":{"1":{"line":19,"type":"if","locations":[{"start":{"line":19,"column":8},"end":{"line":19,"column":8}},{"start":{"line":19,"column":8},"end":{"line":19,"column":8}}]},"2":{"line":24,"type":"if","locations":[{"start":{"line":24,"column":12},"end":{"line":24,"column":12}},{"start":{"line":24,"column":12},"end":{"line":24,"column":12}}]},"3":{"line":44,"type":"if","locations":[{"start":{"line":44,"column":2},"end":{"line":44,"column":2}},{"start":{"line":44,"column":2},"end":{"line":44,"column":2}}]},"4":{"line":48,"type":"if","locations":[{"start":{"line":48,"column":4},"end":{"line":48,"column":4}},{"start":{"line":48,"column":4},"end":{"line":48,"column":4}}]}}},"/home/samer/Desktop/bootcamp/getGitHub_v2/getGitHub/src/apiReq.js":{"path":"/home/samer/Desktop/bootcamp/getGitHub_v2/getGitHub/src/apiReq.js","s":{"1":1,"2":1,"3":1,"4":1,"5":1,"6":1,"7":1,"8":1,"9":0,"10":1,"11":1,"12":1,"13":1,"14":1,"15":1,"16":1,"17":1,"18":1,"19":1,"20":1,"21":1,"22":1,"23":0,"24":1,"25":1,"26":1,"27":1,"28":0,"29":1,"30":1,"31":4,"32":1,"33":1},"b":{"1":[0,1],"2":[0,1],"3":[1,0]},"f":{"1":1,"2":1},"fnMap":{"1":{"name":"apiReq","line":4,"loc":{"start":{"line":4,"column":0},"end":{"line":4,"column":29}}},"2":{"name":"getRepos","line":24,"loc":{"start":{"line":24,"column":0},"end":{"line":24,"column":32}}}},"statementMap":{"1":{"start":{"line":1,"column":0},"end":{"line":1,"column":35}},"2":{"start":{"line":2,"column":0},"end":{"line":2,"column":36}},"3":{"start":{"line":4,"column":0},"end":{"line":22,"column":1}},"4":{"start":{"line":5,"column":2},"end":{"line":5,"column":15}},"5":{"start":{"line":6,"column":2},"end":{"line":6,"column":15}},"6":{"start":{"line":7,"column":2},"end":{"line":7,"column":93}},"7":{"start":{"line":8,"column":2},"end":{"line":21,"column":5}},"8":{"start":{"line":9,"column":4},"end":{"line":20,"column":5}},"9":{"start":{"line":9,"column":12},"end":{"line":9,"column":24}},"10":{"start":{"line":11,"column":6},"end":{"line":11,"column":34}},"11":{"start":{"line":12,"column":6},"end":{"line":12,"column":27}},"12":{"start":{"line":13,"column":6},"end":{"line":13,"column":29}},"13":{"start":{"line":14,"column":6},"end":{"line":14,"column":39}},"14":{"start":{"line":15,"column":6},"end":{"line":15,"column":33}},"15":{"start":{"line":16,"column":6},"end":{"line":16,"column":35}},"16":{"start":{"line":17,"column":6},"end":{"line":17,"column":37}},"17":{"start":{"line":18,"column":6},"end":{"line":18,"column":37}},"18":{"start":{"line":19,"column":6},"end":{"line":19,"column":20}},"19":{"start":{"line":24,"column":0},"end":{"line":39,"column":1}},"20":{"start":{"line":25,"column":2},"end":{"line":25,"column":99}},"21":{"start":{"line":26,"column":2},"end":{"line":38,"column":5}},"22":{"start":{"line":27,"column":4},"end":{"line":37,"column":5}},"23":{"start":{"line":27,"column":12},"end":{"line":27,"column":24}},"24":{"start":{"line":29,"column":6},"end":{"line":29,"column":34}},"25":{"start":{"line":30,"column":6},"end":{"line":30,"column":22}},"26":{"start":{"line":31,"column":6},"end":{"line":32,"column":24}},"27":{"start":{"line":31,"column":28},"end":{"line":31,"column":50}},"28":{"start":{"line":32,"column":11},"end":{"line":32,"column":24}},"29":{"start":{"line":33,"column":6},"end":{"line":33,"column":19}},"30":{"start":{"line":34,"column":6},"end":{"line":35,"column":96}},"31":{"start":{"line":35,"column":8},"end":{"line":35,"column":96}},"32":{"start":{"line":36,"column":6},"end":{"line":36,"column":21}},"33":{"start":{"line":41,"column":0},"end":{"line":44,"column":1}}},"branchMap":{"1":{"line":9,"type":"if","locations":[{"start":{"line":9,"column":4},"end":{"line":9,"column":4}},{"start":{"line":9,"column":4},"end":{"line":9,"column":4}}]},"2":{"line":27,"type":"if","locations":[{"start":{"line":27,"column":4},"end":{"line":27,"column":4}},{"start":{"line":27,"column":4},"end":{"line":27,"column":4}}]},"3":{"line":31,"type":"if","locations":[{"start":{"line":31,"column":6},"end":{"line":31,"column":6}},{"start":{"line":31,"column":6},"end":{"line":31,"column":6}}]}}}}