TN:
SF:/home/samer/Desktop/bootcamp/getGitHub_v2/getGitHub/src/router.js
FN:3,router
FNF:1
FNH:1
FNDA:5,router
DA:1,1
DA:3,1
DA:4,5
DA:6,5
DA:7,1
DA:9,4
DA:10,1
DA:13,3
DA:17,1
LF:9
LH:9
BRDA:6,1,0,1
BRDA:6,1,1,4
BRDA:9,2,0,1
BRDA:9,2,1,3
BRF:4
BRH:4
end_of_record
TN:
SF:/home/samer/Desktop/bootcamp/getGitHub_v2/getGitHub/src/handlers.js
FN:11,handleSearch
FN:37,handleNotFound
FN:42,handleGeneric
FNF:3
FNH:3
FNDA:1,handleSearch
FNDA:1,handleNotFound
FNDA:3,handleGeneric
DA:1,1
DA:2,1
DA:4,1
DA:11,1
DA:12,1
DA:13,1
DA:14,1
DA:15,1
DA:17,1
DA:18,1
DA:19,1
DA:20,0
DA:23,1
DA:24,1
DA:25,0
DA:27,1
DA:29,1
DA:37,1
DA:38,1
DA:39,1
DA:42,1
DA:43,3
DA:44,3
DA:45,1
DA:47,3
DA:48,3
DA:49,0
DA:50,0
DA:53,3
DA:54,3
DA:55,3
DA:56,3
DA:61,1
LF:33
LH:29
BRDA:19,1,0,0
BRDA:19,1,1,1
BRDA:24,2,0,0
BRDA:24,2,1,1
BRDA:44,3,0,1
BRDA:44,3,1,2
BRDA:48,4,0,0
BRDA:48,4,1,3
BRF:8
BRH:5
end_of_record
TN:
SF:/home/samer/Desktop/bootcamp/getGitHub_v2/getGitHub/src/apiReq.js
FN:4,apiReq
FN:24,getRepos
FNF:2
FNH:2
FNDA:1,apiReq
FNDA:1,getRepos
DA:1,1
DA:2,1
DA:4,1
DA:5,1
DA:6,1
DA:7,1
DA:8,1
DA:9,1
DA:11,1
DA:12,1
DA:13,1
DA:14,1
DA:15,1
DA:16,1
DA:17,1
DA:18,1
DA:19,1
DA:24,1
DA:25,1
DA:26,1
DA:27,1
DA:29,1
DA:30,1
DA:31,1
DA:32,0
DA:33,1
DA:34,1
DA:35,4
DA:36,1
DA:41,1
LF:30
LH:29
BRDA:9,1,0,0
BRDA:9,1,1,1
BRDA:27,2,0,0
BRDA:27,2,1,1
BRDA:31,3,0,1
BRDA:31,3,1,0
BRF:6
BRH:3
end_of_record
